<?xml version="1.0" encoding="UTF-8"?>
<testng-results ignored="0" total="1" passed="1" failed="0" skipped="0">
  <reporter-output>
  </reporter-output>
  <suite started-at="2024-08-14T13:05:47 IST" name="Suite" finished-at="2024-08-14T13:05:50 IST" duration-ms="2782">
    <groups>
    </groups>
    <test started-at="2024-08-14T13:05:47 IST" name="Test" finished-at="2024-08-14T13:05:50 IST" duration-ms="2782">
      <class name="testCases.TC006_addtocart">
        <test-method is-config="true" signature="setup(java.lang.String,java.lang.String)[pri:0, instance:testCases.TC006_addtocart@2b52c0d6]" started-at="2024-08-14T13:05:47 IST" name="setup" finished-at="2024-08-14T13:05:49 IST" duration-ms="1697" status="PASS">
          <params>
            <param index="0">
              <value>
                <![CDATA[linux]]>
              </value>
            </param>
            <param index="1">
              <value>
                <![CDATA[chrome]]>
              </value>
            </param>
          </params>
          <reporter-output>
          </reporter-output>
        </test-method> <!-- setup -->
        <test-method signature="addtocart()[pri:0, instance:testCases.TC006_addtocart@2b52c0d6]" started-at="2024-08-14T13:05:49 IST" name="addtocart" finished-at="2024-08-14T13:05:49 IST" duration-ms="757" status="PASS">
          <reporter-output>
          </reporter-output>
        </test-method> <!-- addtocart -->
        <test-method is-config="true" signature="tearDown()[pri:0, instance:testCases.TC006_addtocart@2b52c0d6]" started-at="2024-08-14T13:05:49 IST" name="tearDown" finished-at="2024-08-14T13:05:50 IST" duration-ms="159" status="PASS">
          <reporter-output>
          </reporter-output>
        </test-method> <!-- tearDown -->
      </class> <!-- testCases.TC006_addtocart -->
    </test> <!-- Test -->
  </suite> <!-- Suite -->
</testng-results>
