<?xml version="1.0" encoding="UTF-8"?>
<testng-results ignored="0" total="1" passed="1" failed="0" skipped="0">
  <reporter-output>
  </reporter-output>
  <suite started-at="2024-08-14T11:07:29 IST" name="Suite" finished-at="2024-08-14T11:07:32 IST" duration-ms="2268">
    <groups>
    </groups>
    <test started-at="2024-08-14T11:07:29 IST" name="Test" finished-at="2024-08-14T11:07:32 IST" duration-ms="2268">
      <class name="testCases.TC_005_Searching">
        <test-method is-config="true" signature="setup(java.lang.String,java.lang.String)[pri:0, instance:testCases.TC_005_Searching@2b52c0d6]" started-at="2024-08-14T11:07:30 IST" name="setup" finished-at="2024-08-14T11:07:31 IST" duration-ms="1658" status="PASS">
          <params>
            <param index="0">
              <value>
                <![CDATA[linux]]>
              </value>
            </param>
            <param index="1">
              <value>
                <![CDATA[chrome]]>
              </value>
            </param>
          </params>
          <reporter-output>
          </reporter-output>
        </test-method> <!-- setup -->
        <test-method signature="searchtest()[pri:0, instance:testCases.TC_005_Searching@2b52c0d6]" started-at="2024-08-14T11:07:31 IST" name="searchtest" finished-at="2024-08-14T11:07:32 IST" duration-ms="324" status="PASS">
          <reporter-output>
          </reporter-output>
        </test-method> <!-- searchtest -->
        <test-method is-config="true" signature="tearDown()[pri:0, instance:testCases.TC_005_Searching@2b52c0d6]" started-at="2024-08-14T11:07:32 IST" name="tearDown" finished-at="2024-08-14T11:07:32 IST" duration-ms="119" status="PASS">
          <reporter-output>
          </reporter-output>
        </test-method> <!-- tearDown -->
      </class> <!-- testCases.TC_005_Searching -->
    </test> <!-- Test -->
  </suite> <!-- Suite -->
</testng-results>
